<?xml version="1.0" encoding="UTF-8"?>
<testsuite xmlns:xsi="http://www.w3.org/2001/XMLSchema-instance" xsi:noNamespaceSchemaLocation="https://maven.apache.org/surefire/maven-surefire-plugin/xsd/surefire-test-report-3.0.xsd" version="3.0" name="com.managelist.RunCucumberTest" time="0.262" tests="3" errors="0" skipped="0" failures="0">
  <properties>
    <property name="java.specification.version" value="17"/>
    <property name="sun.cpu.isalist" value="amd64"/>
    <property name="sun.jnu.encoding" value="Cp1252"/>
    <property name="java.class.path" value="C:\Users\Khoi-Kun\Downloads\Homework\ManageTODOList\demo\target\test-classes;C:\Users\Khoi-Kun\Downloads\Homework\ManageTODOList\demo\target\classes;C:\Users\Khoi-Kun\.m2\repository\io\cucumber\cucumber-java\7.11.1\cucumber-java-7.11.1.jar;C:\Users\Khoi-Kun\.m2\repository\io\cucumber\cucumber-core\7.11.1\cucumber-core-7.11.1.jar;C:\Users\Khoi-Kun\.m2\repository\io\cucumber\cucumber-gherkin\7.11.1\cucumber-gherkin-7.11.1.jar;C:\Users\Khoi-Kun\.m2\repository\io\cucumber\cucumber-gherkin-messages\7.11.1\cucumber-gherkin-messages-7.11.1.jar;C:\Users\Khoi-Kun\.m2\repository\io\cucumber\gherkin\26.0.3\gherkin-26.0.3.jar;C:\Users\Khoi-Kun\.m2\repository\io\cucumber\messages\21.0.1\messages-21.0.1.jar;C:\Users\Khoi-Kun\.m2\repository\io\cucumber\tag-expressions\5.0.1\tag-expressions-5.0.1.jar;C:\Users\Khoi-Kun\.m2\repository\io\cucumber\cucumber-expressions\16.1.2\cucumber-expressions-16.1.2.jar;C:\Users\Khoi-Kun\.m2\repository\io\cucumber\datatable\7.11.1\datatable-7.11.1.jar;C:\Users\Khoi-Kun\.m2\repository\io\cucumber\cucumber-plugin\7.11.1\cucumber-plugin-7.11.1.jar;C:\Users\Khoi-Kun\.m2\repository\io\cucumber\docstring\7.11.1\docstring-7.11.1.jar;C:\Users\Khoi-Kun\.m2\repository\io\cucumber\html-formatter\20.2.1\html-formatter-20.2.1.jar;C:\Users\Khoi-Kun\.m2\repository\io\cucumber\junit-xml-formatter\0.1.0\junit-xml-formatter-0.1.0.jar;C:\Users\Khoi-Kun\.m2\repository\io\cucumber\ci-environment\9.1.0\ci-environment-9.1.0.jar;C:\Users\Khoi-Kun\.m2\repository\org\apiguardian\apiguardian-api\1.1.2\apiguardian-api-1.1.2.jar;C:\Users\Khoi-Kun\.m2\repository\io\cucumber\cucumber-junit-platform-engine\7.11.1\cucumber-junit-platform-engine-7.11.1.jar;C:\Users\Khoi-Kun\.m2\repository\org\junit\platform\junit-platform-engine\1.9.2\junit-platform-engine-1.9.2.jar;C:\Users\Khoi-Kun\.m2\repository\org\opentest4j\opentest4j\1.2.0\opentest4j-1.2.0.jar;C:\Users\Khoi-Kun\.m2\repository\org\junit\platform\junit-platform-commons\1.9.2\junit-platform-commons-1.9.2.jar;C:\Users\Khoi-Kun\.m2\repository\org\junit\platform\junit-platform-suite\1.9.2\junit-platform-suite-1.9.2.jar;C:\Users\Khoi-Kun\.m2\repository\org\junit\platform\junit-platform-suite-api\1.9.2\junit-platform-suite-api-1.9.2.jar;C:\Users\Khoi-Kun\.m2\repository\org\junit\platform\junit-platform-suite-engine\1.9.2\junit-platform-suite-engine-1.9.2.jar;C:\Users\Khoi-Kun\.m2\repository\org\junit\platform\junit-platform-suite-commons\1.9.2\junit-platform-suite-commons-1.9.2.jar;C:\Users\Khoi-Kun\.m2\repository\org\junit\platform\junit-platform-launcher\1.9.2\junit-platform-launcher-1.9.2.jar;C:\Users\Khoi-Kun\.m2\repository\org\junit\jupiter\junit-jupiter\5.9.2\junit-jupiter-5.9.2.jar;C:\Users\Khoi-Kun\.m2\repository\org\junit\jupiter\junit-jupiter-api\5.9.2\junit-jupiter-api-5.9.2.jar;C:\Users\Khoi-Kun\.m2\repository\org\junit\jupiter\junit-jupiter-params\5.9.2\junit-jupiter-params-5.9.2.jar;C:\Users\Khoi-Kun\.m2\repository\org\junit\jupiter\junit-jupiter-engine\5.9.2\junit-jupiter-engine-5.9.2.jar;"/>
    <property name="java.vm.vendor" value="Red Hat, Inc."/>
    <property name="sun.arch.data.model" value="64"/>
    <property name="user.variant" value=""/>
    <property name="java.vendor.url" value="https://access.redhat.com/"/>
    <property name="user.timezone" value="Asia/Saigon"/>
    <property name="os.name" value="Windows 10"/>
    <property name="java.vm.specification.version" value="17"/>
    <property name="sun.java.launcher" value="SUN_STANDARD"/>
    <property name="user.country" value="US"/>
    <property name="sun.boot.library.path" value="C:\Program Files\Red Hat\java-17-openjdk-17.0.8.0.7-1.win.x86_64\bin"/>
    <property name="sun.java.command" value="C:\Users\Khoi-Kun\AppData\Local\Temp\surefire14749366125327888221\surefirebooter-20240205144825470_3.jar C:\Users\Khoi-Kun\AppData\Local\Temp\surefire14749366125327888221 2024-02-05T14-48-24_944-jvmRun1 surefire-20240205144825470_1tmp surefire_0-20240205144825470_2tmp"/>
    <property name="jdk.debug" value="release"/>
    <property name="surefire.test.class.path" value="C:\Users\Khoi-Kun\Downloads\Homework\ManageTODOList\demo\target\test-classes;C:\Users\Khoi-Kun\Downloads\Homework\ManageTODOList\demo\target\classes;C:\Users\Khoi-Kun\.m2\repository\io\cucumber\cucumber-java\7.11.1\cucumber-java-7.11.1.jar;C:\Users\Khoi-Kun\.m2\repository\io\cucumber\cucumber-core\7.11.1\cucumber-core-7.11.1.jar;C:\Users\Khoi-Kun\.m2\repository\io\cucumber\cucumber-gherkin\7.11.1\cucumber-gherkin-7.11.1.jar;C:\Users\Khoi-Kun\.m2\repository\io\cucumber\cucumber-gherkin-messages\7.11.1\cucumber-gherkin-messages-7.11.1.jar;C:\Users\Khoi-Kun\.m2\repository\io\cucumber\gherkin\26.0.3\gherkin-26.0.3.jar;C:\Users\Khoi-Kun\.m2\repository\io\cucumber\messages\21.0.1\messages-21.0.1.jar;C:\Users\Khoi-Kun\.m2\repository\io\cucumber\tag-expressions\5.0.1\tag-expressions-5.0.1.jar;C:\Users\Khoi-Kun\.m2\repository\io\cucumber\cucumber-expressions\16.1.2\cucumber-expressions-16.1.2.jar;C:\Users\Khoi-Kun\.m2\repository\io\cucumber\datatable\7.11.1\datatable-7.11.1.jar;C:\Users\Khoi-Kun\.m2\repository\io\cucumber\cucumber-plugin\7.11.1\cucumber-plugin-7.11.1.jar;C:\Users\Khoi-Kun\.m2\repository\io\cucumber\docstring\7.11.1\docstring-7.11.1.jar;C:\Users\Khoi-Kun\.m2\repository\io\cucumber\html-formatter\20.2.1\html-formatter-20.2.1.jar;C:\Users\Khoi-Kun\.m2\repository\io\cucumber\junit-xml-formatter\0.1.0\junit-xml-formatter-0.1.0.jar;C:\Users\Khoi-Kun\.m2\repository\io\cucumber\ci-environment\9.1.0\ci-environment-9.1.0.jar;C:\Users\Khoi-Kun\.m2\repository\org\apiguardian\apiguardian-api\1.1.2\apiguardian-api-1.1.2.jar;C:\Users\Khoi-Kun\.m2\repository\io\cucumber\cucumber-junit-platform-engine\7.11.1\cucumber-junit-platform-engine-7.11.1.jar;C:\Users\Khoi-Kun\.m2\repository\org\junit\platform\junit-platform-engine\1.9.2\junit-platform-engine-1.9.2.jar;C:\Users\Khoi-Kun\.m2\repository\org\opentest4j\opentest4j\1.2.0\opentest4j-1.2.0.jar;C:\Users\Khoi-Kun\.m2\repository\org\junit\platform\junit-platform-commons\1.9.2\junit-platform-commons-1.9.2.jar;C:\Users\Khoi-Kun\.m2\repository\org\junit\platform\junit-platform-suite\1.9.2\junit-platform-suite-1.9.2.jar;C:\Users\Khoi-Kun\.m2\repository\org\junit\platform\junit-platform-suite-api\1.9.2\junit-platform-suite-api-1.9.2.jar;C:\Users\Khoi-Kun\.m2\repository\org\junit\platform\junit-platform-suite-engine\1.9.2\junit-platform-suite-engine-1.9.2.jar;C:\Users\Khoi-Kun\.m2\repository\org\junit\platform\junit-platform-suite-commons\1.9.2\junit-platform-suite-commons-1.9.2.jar;C:\Users\Khoi-Kun\.m2\repository\org\junit\platform\junit-platform-launcher\1.9.2\junit-platform-launcher-1.9.2.jar;C:\Users\Khoi-Kun\.m2\repository\org\junit\jupiter\junit-jupiter\5.9.2\junit-jupiter-5.9.2.jar;C:\Users\Khoi-Kun\.m2\repository\org\junit\jupiter\junit-jupiter-api\5.9.2\junit-jupiter-api-5.9.2.jar;C:\Users\Khoi-Kun\.m2\repository\org\junit\jupiter\junit-jupiter-params\5.9.2\junit-jupiter-params-5.9.2.jar;C:\Users\Khoi-Kun\.m2\repository\org\junit\jupiter\junit-jupiter-engine\5.9.2\junit-jupiter-engine-5.9.2.jar;"/>
    <property name="sun.cpu.endian" value="little"/>
    <property name="user.home" value="C:\Users\Khoi-Kun"/>
    <property name="user.language" value="en"/>
    <property name="java.specification.vendor" value="Oracle Corporation"/>
    <property name="java.version.date" value="2023-07-18"/>
    <property name="java.home" value="C:\Program Files\Red Hat\java-17-openjdk-17.0.8.0.7-1.win.x86_64"/>
    <property name="file.separator" value="\"/>
    <property name="basedir" value="C:\Users\Khoi-Kun\Downloads\Homework\ManageTODOList\demo"/>
    <property name="java.vm.compressedOopsMode" value="Zero based"/>
    <property name="line.separator" value="&#10;"/>
    <property name="java.vm.specification.vendor" value="Oracle Corporation"/>
    <property name="java.specification.name" value="Java Platform API Specification"/>
    <property name="surefire.real.class.path" value="C:\Users\Khoi-Kun\AppData\Local\Temp\surefire14749366125327888221\surefirebooter-20240205144825470_3.jar"/>
    <property name="user.script" value=""/>
    <property name="sun.management.compiler" value="HotSpot 64-Bit Tiered Compilers"/>
    <property name="java.runtime.version" value="17.0.8+7-LTS"/>
    <property name="user.name" value="Khoi-Kun"/>
    <property name="path.separator" value=";"/>
    <property name="os.version" value="10.0"/>
    <property name="java.runtime.name" value="OpenJDK Runtime Environment"/>
    <property name="file.encoding" value="Cp1252"/>
    <property name="java.vm.name" value="OpenJDK 64-Bit Server VM"/>
    <property name="java.vendor.version" value="(Red_Hat-17.0.8.0+7-1)"/>
    <property name="localRepository" value="C:\Users\Khoi-Kun\.m2\repository"/>
    <property name="java.vendor.url.bug" value="https://bugzilla.redhat.com/enter_bug.cgi"/>
    <property name="java.io.tmpdir" value="C:\Users\Khoi-Kun\AppData\Local\Temp\"/>
    <property name="java.version" value="17.0.8"/>
    <property name="user.dir" value="C:\Users\Khoi-Kun\Downloads\Homework\ManageTODOList\demo"/>
    <property name="os.arch" value="amd64"/>
    <property name="java.vm.specification.name" value="Java Virtual Machine Specification"/>
    <property name="sun.os.patch.level" value=""/>
    <property name="native.encoding" value="Cp1252"/>
    <property name="java.library.path" value="C:\Program Files\Red Hat\java-17-openjdk-17.0.8.0.7-1.win.x86_64\bin;C:\Windows\Sun\Java\bin;C:\Windows\system32;C:\Windows;C:\Program Files\Eclipse Adoptium\jdk-11.0.21.9-hotspot\bin;C:\Program Files (x86)\Intel\iCLS Client\;C:\Program Files\Intel\iCLS Client\;C:\Windows\system32;C:\Windows;C:\Windows\System32\Wbem;C:\Windows\System32\WindowsPowerShell\v1.0\;C:\Windows\System32\OpenSSH\;C:\Program Files\Red Hat\java-17-openjdk-17.0.8.0.7-1.win.x86_64\bin;C:\Program Files\Red Hat\apache-maven-3.9.4\bin;C:\Program Files (x86)\Microsoft SQL Server\160\DTS\Binn\;C:\Program Files\Azure Data Studio\bin;C:\Program Files (x86)\Microsoft SQL Server\160\Tools\Binn\;C:\Program Files\Microsoft SQL Server\160\Tools\Binn\;C:\Program Files\Microsoft SQL Server\Client SDK\ODBC\170\Tools\Binn\;C:\Program Files\Microsoft SQL Server\160\DTS\Binn\;C:\Program Files\Amazon\AWSSAMCLI\bin\;C:\Program Files\Git\cmd;C:\Program Files\Amazon\AWSCLIV2\;;C:\Program Files\Docker\Docker\resources\bin;C:\Users\Khoi-Kun\AppData\Local\Microsoft\WindowsApps;;C:\Users\Khoi-Kun\AppData\Local\Programs\Microsoft VS Code\bin;C:\Program Files\Azure Data Studio\bin;."/>
    <property name="java.vm.info" value="mixed mode, sharing"/>
    <property name="java.vendor" value="Red Hat, Inc."/>
    <property name="java.vm.version" value="17.0.8+7-LTS"/>
    <property name="sun.io.unicode.encoding" value="UnicodeLittle"/>
    <property name="java.class.version" value="61.0"/>
  </properties>
  <testcase name="Add a task to the TODO list" classname="Manage TODO List" time="0.084">
    <system-out><![CDATA[
Scenario: Add a task to the TODO list                        &amp#27;[90m# com/managelist/example.feature:3&amp#27;[0m
  &amp#27;[32mGiven &amp#27;[0m&amp#27;[32mthe user has an empty TODO list&amp#27;[0m                      &amp#27;[90m# com.managelist.ManageList.the_user_has_an_empty_todo_list()&amp#27;[0m
  &amp#27;[32mWhen &amp#27;[0m&amp#27;[32mthe user adds a task &amp#27;[0m&amp#27;[32m&amp#27;[1m"Buy groceries"&amp#27;[0m&amp#27;[32m to the TODO list&amp#27;[0m &amp#27;[90m# com.managelist.ManageList.the_user_adds_a_task_to_the_todo_list(java.lang.String)&amp#27;[0m
  &amp#27;[32mThen &amp#27;[0m&amp#27;[32mthe TODO list should contain the task &amp#27;[0m&amp#27;[32m&amp#27;[1m"Buy groceries"&amp#27;[0m &amp#27;[90m# com.managelist.ManageList.the_todo_list_should_contain_the_task(java.lang.String)&amp#27;[0m
]]></system-out>
  </testcase>
  <testcase name="Mark a task as done" classname="Manage TODO List" time="0.009">
    <system-out><![CDATA[
Scenario: Mark a task as done                                   &amp#27;[90m# com/managelist/example.feature:8&amp#27;[0m
  &amp#27;[32mGiven &amp#27;[0m&amp#27;[32mthe user has a TODO list with a task &amp#27;[0m&amp#27;[32m&amp#27;[1m"Read a book"&amp#27;[0m      &amp#27;[90m# com.managelist.ManageList.the_user_has_a_todo_list_with_a_task(java.lang.String)&amp#27;[0m
Marking task as done: Read a book
  &amp#27;[32mWhen &amp#27;[0m&amp#27;[32mthe user marks the task &amp#27;[0m&amp#27;[32m&amp#27;[1m"Read a book"&amp#27;[0m&amp#27;[32m as done&amp#27;[0m            &amp#27;[90m# com.managelist.ManageList.the_user_marks_the_task_as_done(java.lang.String)&amp#27;[0m
TODO List:
- Read a book
  &amp#27;[32mThen &amp#27;[0m&amp#27;[32mthe TODO list should show the task &amp#27;[0m&amp#27;[32m&amp#27;[1m"Read a book"&amp#27;[0m&amp#27;[32m as done&amp#27;[0m &amp#27;[90m# com.managelist.ManageList.the_todo_list_should_show_the_task_as_done(java.lang.String)&amp#27;[0m
]]></system-out>
  </testcase>
  <testcase name="Remove a task from the TODO list" classname="Manage TODO List" time="0.024">
    <system-out><![CDATA[
Scenario: Remove a task from the TODO list                                  &amp#27;[90m# com/managelist/example.feature:13&amp#27;[0m
  &amp#27;[32mGiven &amp#27;[0m&amp#27;[32mthe user has a TODO list with tasks:&amp#27;[0m                                &amp#27;[90m# com.managelist.ManageList.the_user_has_a_todo_list_with_tasks(java.util.List<java.lang.String>)&amp#27;[0m
    | Task          |
    | Write code    |
    | Exercise      |
    | Call a friend |
  &amp#27;[32mWhen &amp#27;[0m&amp#27;[32mthe user removes the task &amp#27;[0m&amp#27;[32m&amp#27;[1m"Write code"&amp#27;[0m&amp#27;[32m from the TODO list&amp#27;[0m            &amp#27;[90m# com.managelist.ManageList.the_user_removes_the_task_from_the_todo_list(java.lang.String)&amp#27;[0m
  &amp#27;[32mThen &amp#27;[0m&amp#27;[32mthe TODO list should not contain the task &amp#27;[0m&amp#27;[32m&amp#27;[1m"Write code"&amp#27;[0m               &amp#27;[90m# com.managelist.ManageList.the_todo_list_should_not_contain_the_task(java.lang.String)&amp#27;[0m
  &amp#27;[32mAnd &amp#27;[0m&amp#27;[32mthe TODO list should contain the tasks &amp#27;[0m&amp#27;[32m&amp#27;[1m"Exercise"&amp#27;[0m&amp#27;[32m and &amp#27;[0m&amp#27;[32m&amp#27;[1m"Call a friend"&amp#27;[0m &amp#27;[90m# com.managelist.ManageList.the_todo_list_should_contain_the_tasks_and(java.lang.String,java.lang.String)&amp#27;[0m
]]></system-out>
  </testcase>
</testsuite>